0 info it worked if it ends with ok
1 verbose cli [ '/usr/bin/node', '/usr/bin/npm', 'run-script', 'create' ]
2 info using npm@3.5.2
3 info using node@v8.10.0
4 verbose run-script [ 'precreate', 'create', 'postcreate' ]
5 info lifecycle xvfb@0.0.1~precreate: xvfb@0.0.1
6 silly lifecycle xvfb@0.0.1~precreate: no script for precreate, continuing
7 info lifecycle xvfb@0.0.1~create: xvfb@0.0.1
8 verbose lifecycle xvfb@0.0.1~create: unsafe-perm in lifecycle true
9 verbose lifecycle xvfb@0.0.1~create: PATH: /usr/share/npm/bin/node-gyp-bin:/home/albert/Code/azure-devops/azuredevops-xvfb-task/node_modules/.bin:/home/albert/Code/gcp/google-cloud-sdk/bin:/home/albert/.npm-global/bin:/home/albert/.local/bin:/usr/local/sbin:/usr/local/bin:/usr/sbin:/usr/bin:/sbin:/bin:/usr/games:/usr/local/games:/snap/bin
10 verbose lifecycle xvfb@0.0.1~create: CWD: /home/albert/Code/azure-devops/azuredevops-xvfb-task
11 silly lifecycle xvfb@0.0.1~create: Args: [ '-c', 'tfx extension create' ]
12 silly lifecycle xvfb@0.0.1~create: Returned: code: 255  signal: null
13 info lifecycle xvfb@0.0.1~create: Failed to exec create script
14 verbose stack Error: xvfb@0.0.1 create: `tfx extension create`
14 verbose stack Exit status 255
14 verbose stack     at EventEmitter.<anonymous> (/usr/share/npm/lib/utils/lifecycle.js:232:16)
14 verbose stack     at emitTwo (events.js:126:13)
14 verbose stack     at EventEmitter.emit (events.js:214:7)
14 verbose stack     at ChildProcess.<anonymous> (/usr/share/npm/lib/utils/spawn.js:24:14)
14 verbose stack     at emitTwo (events.js:126:13)
14 verbose stack     at ChildProcess.emit (events.js:214:7)
14 verbose stack     at maybeClose (internal/child_process.js:925:16)
14 verbose stack     at Process.ChildProcess._handle.onexit (internal/child_process.js:209:5)
15 verbose pkgid xvfb@0.0.1
16 verbose cwd /home/albert/Code/azure-devops/azuredevops-xvfb-task
17 error Linux 5.0.0-23-generic
18 error argv "/usr/bin/node" "/usr/bin/npm" "run-script" "create"
19 error node v8.10.0
20 error npm  v3.5.2
21 error code ELIFECYCLE
22 error xvfb@0.0.1 create: `tfx extension create`
22 error Exit status 255
23 error Failed at the xvfb@0.0.1 create script 'tfx extension create'.
23 error Make sure you have the latest version of node.js and npm installed.
23 error If you do, this is most likely a problem with the xvfb package,
23 error not with npm itself.
23 error Tell the author that this fails on your system:
23 error     tfx extension create
23 error You can get information on how to open an issue for this project with:
23 error     npm bugs xvfb
23 error Or if that isn't available, you can get their info via:
23 error     npm owner ls xvfb
23 error There is likely additional logging output above.
24 verbose exit [ 1, true ]
